mode: set
github.com/xoxloviwan/go-monitor/internal/metrics_types/api_easyjson.go:21.113,23.17 2 0
github.com/xoxloviwan/go-monitor/internal/metrics_types/api_easyjson.go:23.17,26.3 2 0
github.com/xoxloviwan/go-monitor/internal/metrics_types/api_easyjson.go:26.8,28.18 2 0
github.com/xoxloviwan/go-monitor/internal/metrics_types/api_easyjson.go:28.18,29.24 1 0
github.com/xoxloviwan/go-monitor/internal/metrics_types/api_easyjson.go:29.24,31.5 1 0
github.com/xoxloviwan/go-monitor/internal/metrics_types/api_easyjson.go:31.10,33.5 1 0
github.com/xoxloviwan/go-monitor/internal/metrics_types/api_easyjson.go:34.9,36.4 1 0
github.com/xoxloviwan/go-monitor/internal/metrics_types/api_easyjson.go:37.3,37.24 1 0
github.com/xoxloviwan/go-monitor/internal/metrics_types/api_easyjson.go:37.24,42.4 4 0
github.com/xoxloviwan/go-monitor/internal/metrics_types/api_easyjson.go:43.3,43.16 1 0
github.com/xoxloviwan/go-monitor/internal/metrics_types/api_easyjson.go:45.2,45.16 1 0
github.com/xoxloviwan/go-monitor/internal/metrics_types/api_easyjson.go:45.16,47.3 1 0
github.com/xoxloviwan/go-monitor/internal/metrics_types/api_easyjson.go:49.114,50.59 1 0
github.com/xoxloviwan/go-monitor/internal/metrics_types/api_easyjson.go:50.59,52.3 1 0
github.com/xoxloviwan/go-monitor/internal/metrics_types/api_easyjson.go:52.8,54.26 2 0
github.com/xoxloviwan/go-monitor/internal/metrics_types/api_easyjson.go:54.26,55.14 1 0
github.com/xoxloviwan/go-monitor/internal/metrics_types/api_easyjson.go:55.14,57.5 1 0
github.com/xoxloviwan/go-monitor/internal/metrics_types/api_easyjson.go:58.4,58.29 1 0
github.com/xoxloviwan/go-monitor/internal/metrics_types/api_easyjson.go:60.3,60.19 1 0
github.com/xoxloviwan/go-monitor/internal/metrics_types/api_easyjson.go:65.52,69.2 3 0
github.com/xoxloviwan/go-monitor/internal/metrics_types/api_easyjson.go:72.57,74.2 1 0
github.com/xoxloviwan/go-monitor/internal/metrics_types/api_easyjson.go:77.56,81.2 3 0
github.com/xoxloviwan/go-monitor/internal/metrics_types/api_easyjson.go:84.58,86.2 1 0
github.com/xoxloviwan/go-monitor/internal/metrics_types/api_easyjson.go:87.110,89.17 2 0
github.com/xoxloviwan/go-monitor/internal/metrics_types/api_easyjson.go:89.17,90.17 1 0
github.com/xoxloviwan/go-monitor/internal/metrics_types/api_easyjson.go:90.17,92.4 1 0
github.com/xoxloviwan/go-monitor/internal/metrics_types/api_easyjson.go:93.3,94.9 2 0
github.com/xoxloviwan/go-monitor/internal/metrics_types/api_easyjson.go:96.2,97.23 2 0
github.com/xoxloviwan/go-monitor/internal/metrics_types/api_easyjson.go:97.23,100.18 3 0
github.com/xoxloviwan/go-monitor/internal/metrics_types/api_easyjson.go:100.18,103.12 3 0
github.com/xoxloviwan/go-monitor/internal/metrics_types/api_easyjson.go:105.3,105.14 1 0
github.com/xoxloviwan/go-monitor/internal/metrics_types/api_easyjson.go:106.13,107.32 1 0
github.com/xoxloviwan/go-monitor/internal/metrics_types/api_easyjson.go:108.15,109.35 1 0
github.com/xoxloviwan/go-monitor/internal/metrics_types/api_easyjson.go:110.16,111.19 1 0
github.com/xoxloviwan/go-monitor/internal/metrics_types/api_easyjson.go:111.19,114.5 2 0
github.com/xoxloviwan/go-monitor/internal/metrics_types/api_easyjson.go:114.10,115.25 1 0
github.com/xoxloviwan/go-monitor/internal/metrics_types/api_easyjson.go:115.25,117.6 1 0
github.com/xoxloviwan/go-monitor/internal/metrics_types/api_easyjson.go:118.5,118.35 1 0
github.com/xoxloviwan/go-monitor/internal/metrics_types/api_easyjson.go:120.16,121.19 1 0
github.com/xoxloviwan/go-monitor/internal/metrics_types/api_easyjson.go:121.19,124.5 2 0
github.com/xoxloviwan/go-monitor/internal/metrics_types/api_easyjson.go:124.10,125.25 1 0
github.com/xoxloviwan/go-monitor/internal/metrics_types/api_easyjson.go:125.25,127.6 1 0
github.com/xoxloviwan/go-monitor/internal/metrics_types/api_easyjson.go:128.5,128.39 1 0
github.com/xoxloviwan/go-monitor/internal/metrics_types/api_easyjson.go:130.11,131.22 1 0
github.com/xoxloviwan/go-monitor/internal/metrics_types/api_easyjson.go:133.3,133.17 1 0
github.com/xoxloviwan/go-monitor/internal/metrics_types/api_easyjson.go:135.2,136.16 2 0
github.com/xoxloviwan/go-monitor/internal/metrics_types/api_easyjson.go:136.16,138.3 1 0
github.com/xoxloviwan/go-monitor/internal/metrics_types/api_easyjson.go:140.111,144.2 4 0
github.com/xoxloviwan/go-monitor/internal/metrics_types/api_easyjson.go:144.2,148.3 3 0
github.com/xoxloviwan/go-monitor/internal/metrics_types/api_easyjson.go:149.2,153.3 3 0
github.com/xoxloviwan/go-monitor/internal/metrics_types/api_easyjson.go:154.2,154.21 1 0
github.com/xoxloviwan/go-monitor/internal/metrics_types/api_easyjson.go:154.21,158.3 3 0
github.com/xoxloviwan/go-monitor/internal/metrics_types/api_easyjson.go:159.2,159.21 1 0
github.com/xoxloviwan/go-monitor/internal/metrics_types/api_easyjson.go:159.21,163.3 3 0
github.com/xoxloviwan/go-monitor/internal/metrics_types/api_easyjson.go:164.2,164.18 1 0
github.com/xoxloviwan/go-monitor/internal/metrics_types/api_easyjson.go:168.48,172.2 3 0
github.com/xoxloviwan/go-monitor/internal/metrics_types/api_easyjson.go:175.53,177.2 1 0
github.com/xoxloviwan/go-monitor/internal/metrics_types/api_easyjson.go:180.52,184.2 3 0
github.com/xoxloviwan/go-monitor/internal/metrics_types/api_easyjson.go:187.54,189.2 1 0
github.com/xoxloviwan/go-monitor/internal/config_agent/conf.go:44.26,47.57 3 0
github.com/xoxloviwan/go-monitor/internal/config_agent/conf.go:47.57,49.3 1 0
github.com/xoxloviwan/go-monitor/internal/config_agent/conf.go:50.2,51.26 2 0
github.com/xoxloviwan/go-monitor/internal/config_agent/conf.go:51.26,53.3 1 0
github.com/xoxloviwan/go-monitor/internal/config_agent/conf.go:54.2,54.62 1 0
github.com/xoxloviwan/go-monitor/internal/config_agent/conf.go:54.62,56.3 1 0
github.com/xoxloviwan/go-monitor/internal/config_agent/conf.go:57.2,58.77 2 0
github.com/xoxloviwan/go-monitor/internal/config_agent/conf.go:58.77,60.3 1 0
github.com/xoxloviwan/go-monitor/internal/config_agent/conf.go:61.2,62.85 2 0
github.com/xoxloviwan/go-monitor/internal/config_agent/conf.go:62.85,64.3 1 0
github.com/xoxloviwan/go-monitor/internal/config_agent/conf.go:65.2,65.38 1 0
github.com/xoxloviwan/go-monitor/internal/config_agent/conf.go:65.38,67.3 1 0
github.com/xoxloviwan/go-monitor/internal/config_agent/conf.go:68.2,68.75 1 0
github.com/xoxloviwan/go-monitor/internal/config_agent/conf.go:68.75,70.3 1 0
github.com/xoxloviwan/go-monitor/internal/config_agent/conf.go:71.2,71.12 1 0
github.com/xoxloviwan/go-monitor/cmd/agent/main.go:23.83,30.16 5 0
github.com/xoxloviwan/go-monitor/cmd/agent/main.go:30.16,32.3 1 0
github.com/xoxloviwan/go-monitor/cmd/agent/main.go:33.2,34.15 2 0
github.com/xoxloviwan/go-monitor/cmd/agent/main.go:34.15,36.17 2 0
github.com/xoxloviwan/go-monitor/cmd/agent/main.go:36.17,38.4 1 0
github.com/xoxloviwan/go-monitor/cmd/agent/main.go:40.2,42.16 3 0
github.com/xoxloviwan/go-monitor/cmd/agent/main.go:42.16,44.3 1 0
github.com/xoxloviwan/go-monitor/cmd/agent/main.go:45.2,47.16 3 0
github.com/xoxloviwan/go-monitor/cmd/agent/main.go:47.16,49.3 1 0
github.com/xoxloviwan/go-monitor/cmd/agent/main.go:51.2,55.15 4 0
github.com/xoxloviwan/go-monitor/cmd/agent/main.go:55.15,57.3 1 0
github.com/xoxloviwan/go-monitor/cmd/agent/main.go:59.2,62.30 4 0
github.com/xoxloviwan/go-monitor/cmd/agent/main.go:62.30,63.22 1 0
github.com/xoxloviwan/go-monitor/cmd/agent/main.go:63.22,65.4 1 0
github.com/xoxloviwan/go-monitor/cmd/agent/main.go:66.3,70.10 5 0
github.com/xoxloviwan/go-monitor/cmd/agent/main.go:72.2,72.16 1 0
github.com/xoxloviwan/go-monitor/cmd/agent/main.go:72.16,74.3 1 0
github.com/xoxloviwan/go-monitor/cmd/agent/main.go:76.2,76.15 1 0
github.com/xoxloviwan/go-monitor/cmd/agent/main.go:76.15,77.57 1 0
github.com/xoxloviwan/go-monitor/cmd/agent/main.go:77.57,80.4 2 0
github.com/xoxloviwan/go-monitor/cmd/agent/main.go:83.2,84.16 2 0
github.com/xoxloviwan/go-monitor/cmd/agent/main.go:84.16,86.3 1 0
github.com/xoxloviwan/go-monitor/cmd/agent/main.go:87.2,87.12 1 0
github.com/xoxloviwan/go-monitor/cmd/agent/main.go:91.48,98.16 4 0
github.com/xoxloviwan/go-monitor/cmd/agent/main.go:98.16,100.3 1 0
github.com/xoxloviwan/go-monitor/cmd/agent/main.go:104.2,105.16 2 0
github.com/xoxloviwan/go-monitor/cmd/agent/main.go:105.16,107.3 1 0
github.com/xoxloviwan/go-monitor/cmd/agent/main.go:109.2,109.23 1 0
github.com/xoxloviwan/go-monitor/cmd/agent/main.go:112.58,115.16 3 0
github.com/xoxloviwan/go-monitor/cmd/agent/main.go:115.16,117.3 1 0
github.com/xoxloviwan/go-monitor/cmd/agent/main.go:119.2,120.38 2 0
github.com/xoxloviwan/go-monitor/cmd/agent/main.go:125.79,128.32 2 0
github.com/xoxloviwan/go-monitor/cmd/agent/main.go:128.32,131.13 3 0
github.com/xoxloviwan/go-monitor/cmd/agent/main.go:131.13,134.28 2 0
github.com/xoxloviwan/go-monitor/cmd/agent/main.go:134.28,136.5 1 0
github.com/xoxloviwan/go-monitor/cmd/agent/main.go:139.2,139.14 1 0
github.com/xoxloviwan/go-monitor/cmd/agent/main.go:142.13,152.6 8 0
github.com/xoxloviwan/go-monitor/cmd/agent/main.go:152.6,154.10 1 0
github.com/xoxloviwan/go-monitor/cmd/agent/main.go:155.23,157.41 2 0
github.com/xoxloviwan/go-monitor/cmd/agent/main.go:158.23,164.29 5 0
github.com/xoxloviwan/go-monitor/cmd/agent/main.go:164.29,165.47 1 0
github.com/xoxloviwan/go-monitor/cmd/agent/main.go:165.47,168.25 3 0
github.com/xoxloviwan/go-monitor/cmd/agent/main.go:168.25,170.7 1 0
github.com/xoxloviwan/go-monitor/cmd/agent/main.go:171.6,171.27 1 0
github.com/xoxloviwan/go-monitor/cmd/agent/main.go:171.27,174.21 3 0
github.com/xoxloviwan/go-monitor/cmd/agent/main.go:174.21,176.8 1 0
github.com/xoxloviwan/go-monitor/cmd/agent/main.go:180.4,181.28 2 0
github.com/xoxloviwan/go-monitor/internal/metrics/metrics.go:26.47,34.12 7 0
github.com/xoxloviwan/go-monitor/internal/metrics/metrics.go:34.12,37.3 2 0
github.com/xoxloviwan/go-monitor/internal/metrics/metrics.go:38.2,38.12 1 0
github.com/xoxloviwan/go-monitor/internal/metrics/metrics.go:38.12,40.17 2 0
github.com/xoxloviwan/go-monitor/internal/metrics/metrics.go:40.17,42.4 1 0
github.com/xoxloviwan/go-monitor/internal/metrics/metrics.go:43.3,43.12 1 0
github.com/xoxloviwan/go-monitor/internal/metrics/metrics.go:45.2,45.12 1 0
github.com/xoxloviwan/go-monitor/internal/metrics/metrics.go:45.12,47.17 2 0
github.com/xoxloviwan/go-monitor/internal/metrics/metrics.go:47.17,49.4 1 0
github.com/xoxloviwan/go-monitor/internal/metrics/metrics.go:50.3,50.12 1 0
github.com/xoxloviwan/go-monitor/internal/metrics/metrics.go:52.2,90.3 2 0
github.com/xoxloviwan/go-monitor/internal/metrics/metrics.go:96.55,99.12 2 0
github.com/xoxloviwan/go-monitor/internal/metrics/metrics.go:99.12,103.48 2 0
github.com/xoxloviwan/go-monitor/internal/metrics/metrics.go:103.48,109.4 1 0
github.com/xoxloviwan/go-monitor/internal/metrics/metrics.go:110.3,110.50 1 0
github.com/xoxloviwan/go-monitor/internal/metrics/metrics.go:110.50,116.4 1 0
github.com/xoxloviwan/go-monitor/internal/metrics/metrics.go:119.2,119.11 1 0
github.com/xoxloviwan/go-monitor/internal/config_server/conf.go:47.26,50.57 3 0
github.com/xoxloviwan/go-monitor/internal/config_server/conf.go:50.57,52.3 1 0
github.com/xoxloviwan/go-monitor/internal/config_server/conf.go:53.2,54.26 2 0
github.com/xoxloviwan/go-monitor/internal/config_server/conf.go:54.26,56.3 1 0
github.com/xoxloviwan/go-monitor/internal/config_server/conf.go:57.2,57.62 1 0
github.com/xoxloviwan/go-monitor/internal/config_server/conf.go:57.62,59.3 1 0
github.com/xoxloviwan/go-monitor/internal/config_server/conf.go:61.2,61.86 1 0
github.com/xoxloviwan/go-monitor/internal/config_server/conf.go:61.86,63.3 1 0
github.com/xoxloviwan/go-monitor/internal/config_server/conf.go:65.2,65.29 1 0
github.com/xoxloviwan/go-monitor/internal/config_server/conf.go:65.29,67.3 1 0
github.com/xoxloviwan/go-monitor/internal/config_server/conf.go:69.2,69.94 1 0
github.com/xoxloviwan/go-monitor/internal/config_server/conf.go:69.94,71.3 1 0
github.com/xoxloviwan/go-monitor/internal/config_server/conf.go:72.2,72.78 1 0
github.com/xoxloviwan/go-monitor/internal/config_server/conf.go:72.78,74.3 1 0
github.com/xoxloviwan/go-monitor/internal/config_server/conf.go:76.2,76.38 1 0
github.com/xoxloviwan/go-monitor/internal/config_server/conf.go:76.38,78.3 1 0
github.com/xoxloviwan/go-monitor/internal/config_server/conf.go:79.2,79.12 1 0
github.com/xoxloviwan/go-monitor/internal/api/mock/mock_store.go:27.69,31.2 3 0
github.com/xoxloviwan/go-monitor/internal/api/mock/mock_store.go:34.67,36.2 1 0
github.com/xoxloviwan/go-monitor/internal/api/mock/mock_store.go:39.63,44.2 4 0
github.com/xoxloviwan/go-monitor/internal/api/mock/mock_store.go:47.88,50.2 2 0
github.com/xoxloviwan/go-monitor/internal/api/mock/mock_store.go:53.98,58.2 4 0
github.com/xoxloviwan/go-monitor/internal/api/mock/mock_store.go:61.89,64.2 2 0
github.com/xoxloviwan/go-monitor/internal/api/mock/mock_store.go:67.66,73.2 5 0
github.com/xoxloviwan/go-monitor/internal/api/mock/mock_store.go:76.82,79.2 2 0
github.com/xoxloviwan/go-monitor/internal/api/mock/mock_store.go:82.124,88.2 5 0
github.com/xoxloviwan/go-monitor/internal/api/mock/mock_store.go:91.89,94.2 2 0
github.com/xoxloviwan/go-monitor/internal/api/mock/mock_store.go:97.44,102.2 4 0
github.com/xoxloviwan/go-monitor/internal/api/mock/mock_store.go:105.63,108.2 2 0
github.com/xoxloviwan/go-monitor/cmd/server/main.go:11.13,14.16 3 0
github.com/xoxloviwan/go-monitor/cmd/server/main.go:14.16,17.3 2 0
github.com/xoxloviwan/go-monitor/internal/metrics_types/api_easyjson.go:21.113,23.17 2 0
github.com/xoxloviwan/go-monitor/internal/metrics_types/api_easyjson.go:23.17,26.3 2 0
github.com/xoxloviwan/go-monitor/internal/metrics_types/api_easyjson.go:26.8,28.18 2 0
github.com/xoxloviwan/go-monitor/internal/metrics_types/api_easyjson.go:28.18,29.24 1 0
github.com/xoxloviwan/go-monitor/internal/metrics_types/api_easyjson.go:29.24,31.5 1 0
github.com/xoxloviwan/go-monitor/internal/metrics_types/api_easyjson.go:31.10,33.5 1 0
github.com/xoxloviwan/go-monitor/internal/metrics_types/api_easyjson.go:34.9,36.4 1 0
github.com/xoxloviwan/go-monitor/internal/metrics_types/api_easyjson.go:37.3,37.24 1 0
github.com/xoxloviwan/go-monitor/internal/metrics_types/api_easyjson.go:37.24,42.4 4 0
github.com/xoxloviwan/go-monitor/internal/metrics_types/api_easyjson.go:43.3,43.16 1 0
github.com/xoxloviwan/go-monitor/internal/metrics_types/api_easyjson.go:45.2,45.16 1 0
github.com/xoxloviwan/go-monitor/internal/metrics_types/api_easyjson.go:45.16,47.3 1 0
github.com/xoxloviwan/go-monitor/internal/metrics_types/api_easyjson.go:49.114,50.59 1 1
github.com/xoxloviwan/go-monitor/internal/metrics_types/api_easyjson.go:50.59,52.3 1 0
github.com/xoxloviwan/go-monitor/internal/metrics_types/api_easyjson.go:52.8,54.26 2 1
github.com/xoxloviwan/go-monitor/internal/metrics_types/api_easyjson.go:54.26,55.14 1 1
github.com/xoxloviwan/go-monitor/internal/metrics_types/api_easyjson.go:55.14,57.5 1 1
github.com/xoxloviwan/go-monitor/internal/metrics_types/api_easyjson.go:58.4,58.29 1 1
github.com/xoxloviwan/go-monitor/internal/metrics_types/api_easyjson.go:60.3,60.19 1 1
github.com/xoxloviwan/go-monitor/internal/metrics_types/api_easyjson.go:65.52,69.2 3 1
github.com/xoxloviwan/go-monitor/internal/metrics_types/api_easyjson.go:72.57,74.2 1 0
github.com/xoxloviwan/go-monitor/internal/metrics_types/api_easyjson.go:77.56,81.2 3 0
github.com/xoxloviwan/go-monitor/internal/metrics_types/api_easyjson.go:84.58,86.2 1 0
github.com/xoxloviwan/go-monitor/internal/metrics_types/api_easyjson.go:87.110,89.17 2 0
github.com/xoxloviwan/go-monitor/internal/metrics_types/api_easyjson.go:89.17,90.17 1 0
github.com/xoxloviwan/go-monitor/internal/metrics_types/api_easyjson.go:90.17,92.4 1 0
github.com/xoxloviwan/go-monitor/internal/metrics_types/api_easyjson.go:93.3,94.9 2 0
github.com/xoxloviwan/go-monitor/internal/metrics_types/api_easyjson.go:96.2,97.23 2 0
github.com/xoxloviwan/go-monitor/internal/metrics_types/api_easyjson.go:97.23,100.18 3 0
github.com/xoxloviwan/go-monitor/internal/metrics_types/api_easyjson.go:100.18,103.12 3 0
github.com/xoxloviwan/go-monitor/internal/metrics_types/api_easyjson.go:105.3,105.14 1 0
github.com/xoxloviwan/go-monitor/internal/metrics_types/api_easyjson.go:106.13,107.32 1 0
github.com/xoxloviwan/go-monitor/internal/metrics_types/api_easyjson.go:108.15,109.35 1 0
github.com/xoxloviwan/go-monitor/internal/metrics_types/api_easyjson.go:110.16,111.19 1 0
github.com/xoxloviwan/go-monitor/internal/metrics_types/api_easyjson.go:111.19,114.5 2 0
github.com/xoxloviwan/go-monitor/internal/metrics_types/api_easyjson.go:114.10,115.25 1 0
github.com/xoxloviwan/go-monitor/internal/metrics_types/api_easyjson.go:115.25,117.6 1 0
github.com/xoxloviwan/go-monitor/internal/metrics_types/api_easyjson.go:118.5,118.35 1 0
github.com/xoxloviwan/go-monitor/internal/metrics_types/api_easyjson.go:120.16,121.19 1 0
github.com/xoxloviwan/go-monitor/internal/metrics_types/api_easyjson.go:121.19,124.5 2 0
github.com/xoxloviwan/go-monitor/internal/metrics_types/api_easyjson.go:124.10,125.25 1 0
github.com/xoxloviwan/go-monitor/internal/metrics_types/api_easyjson.go:125.25,127.6 1 0
github.com/xoxloviwan/go-monitor/internal/metrics_types/api_easyjson.go:128.5,128.39 1 0
github.com/xoxloviwan/go-monitor/internal/metrics_types/api_easyjson.go:130.11,131.22 1 0
github.com/xoxloviwan/go-monitor/internal/metrics_types/api_easyjson.go:133.3,133.17 1 0
github.com/xoxloviwan/go-monitor/internal/metrics_types/api_easyjson.go:135.2,136.16 2 0
github.com/xoxloviwan/go-monitor/internal/metrics_types/api_easyjson.go:136.16,138.3 1 0
github.com/xoxloviwan/go-monitor/internal/metrics_types/api_easyjson.go:140.111,144.2 4 1
github.com/xoxloviwan/go-monitor/internal/metrics_types/api_easyjson.go:144.2,148.3 3 1
github.com/xoxloviwan/go-monitor/internal/metrics_types/api_easyjson.go:149.2,153.3 3 1
github.com/xoxloviwan/go-monitor/internal/metrics_types/api_easyjson.go:154.2,154.21 1 1
github.com/xoxloviwan/go-monitor/internal/metrics_types/api_easyjson.go:154.21,158.3 3 1
github.com/xoxloviwan/go-monitor/internal/metrics_types/api_easyjson.go:159.2,159.21 1 1
github.com/xoxloviwan/go-monitor/internal/metrics_types/api_easyjson.go:159.21,163.3 3 1
github.com/xoxloviwan/go-monitor/internal/metrics_types/api_easyjson.go:164.2,164.18 1 1
github.com/xoxloviwan/go-monitor/internal/metrics_types/api_easyjson.go:168.48,172.2 3 0
github.com/xoxloviwan/go-monitor/internal/metrics_types/api_easyjson.go:175.53,177.2 1 1
github.com/xoxloviwan/go-monitor/internal/metrics_types/api_easyjson.go:180.52,184.2 3 0
github.com/xoxloviwan/go-monitor/internal/metrics_types/api_easyjson.go:187.54,189.2 1 0
github.com/xoxloviwan/go-monitor/internal/store/db.go:32.42,36.2 1 1
github.com/xoxloviwan/go-monitor/internal/store/db.go:41.41,51.2 3 0
github.com/xoxloviwan/go-monitor/internal/store/db.go:56.81,63.16 5 0
github.com/xoxloviwan/go-monitor/internal/store/db.go:63.16,65.3 1 0
github.com/xoxloviwan/go-monitor/internal/store/db.go:66.2,66.53 1 0
github.com/xoxloviwan/go-monitor/internal/store/db.go:66.53,71.32 4 0
github.com/xoxloviwan/go-monitor/internal/store/db.go:71.32,75.4 3 0
github.com/xoxloviwan/go-monitor/internal/store/db.go:76.3,76.34 1 0
github.com/xoxloviwan/go-monitor/internal/store/db.go:76.34,80.4 3 0
github.com/xoxloviwan/go-monitor/internal/store/db.go:81.3,85.22 3 0
github.com/xoxloviwan/go-monitor/internal/store/db.go:85.22,87.18 2 0
github.com/xoxloviwan/go-monitor/internal/store/db.go:87.18,89.5 1 0
github.com/xoxloviwan/go-monitor/internal/store/db.go:90.4,90.31 1 0
github.com/xoxloviwan/go-monitor/internal/store/db.go:93.3,93.36 1 0
github.com/xoxloviwan/go-monitor/internal/store/db.go:93.36,95.18 2 0
github.com/xoxloviwan/go-monitor/internal/store/db.go:95.18,97.5 1 0
github.com/xoxloviwan/go-monitor/internal/store/db.go:98.4,98.30 1 0
github.com/xoxloviwan/go-monitor/internal/store/db.go:98.30,100.5 1 0
github.com/xoxloviwan/go-monitor/internal/store/db.go:103.3,103.30 1 0
github.com/xoxloviwan/go-monitor/internal/store/db.go:110.95,121.31 2 0
github.com/xoxloviwan/go-monitor/internal/store/db.go:121.31,127.3 1 0
github.com/xoxloviwan/go-monitor/internal/store/db.go:127.8,133.3 1 0
github.com/xoxloviwan/go-monitor/internal/store/db.go:134.2,134.12 1 0
github.com/xoxloviwan/go-monitor/internal/store/db.go:140.79,147.34 5 0
github.com/xoxloviwan/go-monitor/internal/store/db.go:147.34,148.10 1 0
github.com/xoxloviwan/go-monitor/internal/store/db.go:149.21,150.20 1 0
github.com/xoxloviwan/go-monitor/internal/store/db.go:151.11,156.11 5 0
github.com/xoxloviwan/go-monitor/internal/store/db.go:159.2,159.12 1 0
github.com/xoxloviwan/go-monitor/internal/store/db.go:162.32,165.2 2 0
github.com/xoxloviwan/go-monitor/internal/store/db.go:167.67,170.32 3 1
github.com/xoxloviwan/go-monitor/internal/store/db.go:170.32,171.32 1 1
github.com/xoxloviwan/go-monitor/internal/store/db.go:171.32,173.4 1 1
github.com/xoxloviwan/go-monitor/internal/store/db.go:173.9,175.4 1 1
github.com/xoxloviwan/go-monitor/internal/store/db.go:176.3,176.17 1 1
github.com/xoxloviwan/go-monitor/internal/store/db.go:176.17,178.4 1 0
github.com/xoxloviwan/go-monitor/internal/store/db.go:180.2,180.24 1 1
github.com/xoxloviwan/go-monitor/internal/store/db.go:186.107,188.16 2 1
github.com/xoxloviwan/go-monitor/internal/store/db.go:188.16,191.3 2 0
github.com/xoxloviwan/go-monitor/internal/store/db.go:192.2,194.16 3 1
github.com/xoxloviwan/go-monitor/internal/store/db.go:194.16,197.3 2 0
github.com/xoxloviwan/go-monitor/internal/store/db.go:198.2,201.18 4 1
github.com/xoxloviwan/go-monitor/internal/store/db.go:201.18,204.17 3 1
github.com/xoxloviwan/go-monitor/internal/store/db.go:204.17,207.4 2 0
github.com/xoxloviwan/go-monitor/internal/store/db.go:208.3,208.22 1 1
github.com/xoxloviwan/go-monitor/internal/store/db.go:208.22,210.4 1 1
github.com/xoxloviwan/go-monitor/internal/store/db.go:210.9,212.4 1 1
github.com/xoxloviwan/go-monitor/internal/store/db.go:213.3,213.60 1 1
github.com/xoxloviwan/go-monitor/internal/store/db.go:215.2,215.34 1 1
github.com/xoxloviwan/go-monitor/internal/store/db.go:215.34,218.3 2 0
github.com/xoxloviwan/go-monitor/internal/store/db.go:219.2,219.35 1 1
github.com/xoxloviwan/go-monitor/internal/store/db.go:225.78,227.31 2 0
github.com/xoxloviwan/go-monitor/internal/store/db.go:227.31,229.3 1 0
github.com/xoxloviwan/go-monitor/internal/store/db.go:230.2,235.16 6 0
github.com/xoxloviwan/go-monitor/internal/store/db.go:235.16,238.3 2 0
github.com/xoxloviwan/go-monitor/internal/store/db.go:239.2,239.26 1 0
github.com/xoxloviwan/go-monitor/internal/store/db.go:243.37,249.16 6 0
github.com/xoxloviwan/go-monitor/internal/store/db.go:249.16,252.3 2 0
github.com/xoxloviwan/go-monitor/internal/store/db.go:253.2,255.18 3 0
github.com/xoxloviwan/go-monitor/internal/store/db.go:255.18,258.17 3 0
github.com/xoxloviwan/go-monitor/internal/store/db.go:258.17,261.4 2 0
github.com/xoxloviwan/go-monitor/internal/store/db.go:262.3,262.21 1 0
github.com/xoxloviwan/go-monitor/internal/store/db.go:262.21,264.4 1 0
github.com/xoxloviwan/go-monitor/internal/store/db.go:264.9,266.4 1 0
github.com/xoxloviwan/go-monitor/internal/store/db.go:267.3,267.21 1 0
github.com/xoxloviwan/go-monitor/internal/store/db.go:269.2,269.34 1 0
github.com/xoxloviwan/go-monitor/internal/store/db.go:269.34,272.3 2 0
github.com/xoxloviwan/go-monitor/internal/store/db.go:273.2,274.16 2 0
github.com/xoxloviwan/go-monitor/internal/store/db.go:274.16,277.3 2 0
github.com/xoxloviwan/go-monitor/internal/store/db.go:278.2,278.20 1 0
github.com/xoxloviwan/go-monitor/internal/store/db.go:284.56,286.16 2 0
github.com/xoxloviwan/go-monitor/internal/store/db.go:286.16,288.3 1 0
github.com/xoxloviwan/go-monitor/internal/store/db.go:289.2,292.16 4 0
github.com/xoxloviwan/go-monitor/internal/store/db.go:292.16,294.3 1 0
github.com/xoxloviwan/go-monitor/internal/store/db.go:295.2,296.16 2 0
github.com/xoxloviwan/go-monitor/internal/store/db.go:296.16,298.3 1 0
github.com/xoxloviwan/go-monitor/internal/store/db.go:299.2,299.12 1 0
github.com/xoxloviwan/go-monitor/internal/store/store.go:43.34,48.2 1 0
github.com/xoxloviwan/go-monitor/internal/store/store.go:53.96,54.20 1 0
github.com/xoxloviwan/go-monitor/internal/store/store.go:55.19,57.17 2 0
github.com/xoxloviwan/go-monitor/internal/store/store.go:57.17,59.4 1 0
github.com/xoxloviwan/go-monitor/internal/store/store.go:60.3,60.33 1 0
github.com/xoxloviwan/go-monitor/internal/store/store.go:62.17,64.17 2 0
github.com/xoxloviwan/go-monitor/internal/store/store.go:64.17,66.4 1 0
github.com/xoxloviwan/go-monitor/internal/store/store.go:67.3,67.30 1 0
github.com/xoxloviwan/go-monitor/internal/store/store.go:68.10,69.43 1 0
github.com/xoxloviwan/go-monitor/internal/store/store.go:71.2,71.12 1 0
github.com/xoxloviwan/go-monitor/internal/store/store.go:77.80,79.16 2 0
github.com/xoxloviwan/go-monitor/internal/store/store.go:79.16,81.3 1 0
github.com/xoxloviwan/go-monitor/internal/store/store.go:83.2,83.23 1 0
github.com/xoxloviwan/go-monitor/internal/store/store.go:83.23,84.27 1 0
github.com/xoxloviwan/go-monitor/internal/store/store.go:84.27,86.4 1 0
github.com/xoxloviwan/go-monitor/internal/store/store.go:87.3,87.29 1 0
github.com/xoxloviwan/go-monitor/internal/store/store.go:87.29,89.4 1 0
github.com/xoxloviwan/go-monitor/internal/store/store.go:91.2,91.12 1 0
github.com/xoxloviwan/go-monitor/internal/store/store.go:97.98,100.22 2 0
github.com/xoxloviwan/go-monitor/internal/store/store.go:100.22,101.27 1 0
github.com/xoxloviwan/go-monitor/internal/store/store.go:101.27,103.4 1 0
github.com/xoxloviwan/go-monitor/internal/store/store.go:104.3,104.29 1 0
github.com/xoxloviwan/go-monitor/internal/store/store.go:104.29,106.4 1 0
github.com/xoxloviwan/go-monitor/internal/store/store.go:109.2,111.25 2 0
github.com/xoxloviwan/go-monitor/internal/store/store.go:111.25,112.10 1 0
github.com/xoxloviwan/go-monitor/internal/store/store.go:113.21,114.79 1 0
github.com/xoxloviwan/go-monitor/internal/store/store.go:115.11,117.18 2 0
github.com/xoxloviwan/go-monitor/internal/store/store.go:117.18,124.5 2 0
github.com/xoxloviwan/go-monitor/internal/store/store.go:124.10,131.5 2 0
github.com/xoxloviwan/go-monitor/internal/store/store.go:132.4,132.37 1 0
github.com/xoxloviwan/go-monitor/internal/store/store.go:135.2,135.21 1 0
github.com/xoxloviwan/go-monitor/internal/store/store.go:141.79,142.20 1 0
github.com/xoxloviwan/go-monitor/internal/store/store.go:143.19,145.10 2 0
github.com/xoxloviwan/go-monitor/internal/store/store.go:145.10,147.4 1 0
github.com/xoxloviwan/go-monitor/internal/store/store.go:147.9,150.4 2 0
github.com/xoxloviwan/go-monitor/internal/store/store.go:151.17,153.10 2 0
github.com/xoxloviwan/go-monitor/internal/store/store.go:153.10,155.4 1 0
github.com/xoxloviwan/go-monitor/internal/store/store.go:155.9,158.4 2 0
github.com/xoxloviwan/go-monitor/internal/store/store.go:159.10,160.19 1 0
github.com/xoxloviwan/go-monitor/internal/store/store.go:165.38,167.47 2 0
github.com/xoxloviwan/go-monitor/internal/store/store.go:167.47,169.3 1 0
github.com/xoxloviwan/go-monitor/internal/store/store.go:170.2,170.49 1 0
github.com/xoxloviwan/go-monitor/internal/store/store.go:170.49,172.3 1 0
github.com/xoxloviwan/go-monitor/internal/store/store.go:173.2,173.12 1 0
github.com/xoxloviwan/go-monitor/internal/store/store.go:179.51,181.16 2 0
github.com/xoxloviwan/go-monitor/internal/store/store.go:181.16,183.3 1 0
github.com/xoxloviwan/go-monitor/internal/store/store.go:185.2,185.39 1 0
github.com/xoxloviwan/go-monitor/internal/store/store.go:191.57,193.16 2 0
github.com/xoxloviwan/go-monitor/internal/store/store.go:193.16,195.3 1 0
github.com/xoxloviwan/go-monitor/internal/store/store.go:196.2,196.36 1 0
github.com/xoxloviwan/go-monitor/internal/store/store_easyjson.go:21.105,23.17 2 0
github.com/xoxloviwan/go-monitor/internal/store/store_easyjson.go:23.17,24.17 1 0
github.com/xoxloviwan/go-monitor/internal/store/store_easyjson.go:24.17,26.4 1 0
github.com/xoxloviwan/go-monitor/internal/store/store_easyjson.go:27.3,28.9 2 0
github.com/xoxloviwan/go-monitor/internal/store/store_easyjson.go:30.2,31.23 2 0
github.com/xoxloviwan/go-monitor/internal/store/store_easyjson.go:31.23,34.18 3 0
github.com/xoxloviwan/go-monitor/internal/store/store_easyjson.go:34.18,37.12 3 0
github.com/xoxloviwan/go-monitor/internal/store/store_easyjson.go:39.3,39.14 1 0
github.com/xoxloviwan/go-monitor/internal/store/store_easyjson.go:40.16,41.19 1 0
github.com/xoxloviwan/go-monitor/internal/store/store_easyjson.go:41.19,43.5 1 0
github.com/xoxloviwan/go-monitor/internal/store/store_easyjson.go:43.10,46.26 3 0
github.com/xoxloviwan/go-monitor/internal/store/store_easyjson.go:46.26,53.6 6 0
github.com/xoxloviwan/go-monitor/internal/store/store_easyjson.go:54.5,54.18 1 0
github.com/xoxloviwan/go-monitor/internal/store/store_easyjson.go:56.18,57.19 1 0
github.com/xoxloviwan/go-monitor/internal/store/store_easyjson.go:57.19,59.5 1 0
github.com/xoxloviwan/go-monitor/internal/store/store_easyjson.go:59.10,62.26 3 0
github.com/xoxloviwan/go-monitor/internal/store/store_easyjson.go:62.26,69.6 6 0
github.com/xoxloviwan/go-monitor/internal/store/store_easyjson.go:70.5,70.18 1 0
github.com/xoxloviwan/go-monitor/internal/store/store_easyjson.go:72.11,73.22 1 0
github.com/xoxloviwan/go-monitor/internal/store/store_easyjson.go:75.3,75.17 1 0
github.com/xoxloviwan/go-monitor/internal/store/store_easyjson.go:77.2,78.16 2 0
github.com/xoxloviwan/go-monitor/internal/store/store_easyjson.go:78.16,80.3 1 0
github.com/xoxloviwan/go-monitor/internal/store/store_easyjson.go:82.106,86.2 4 0
github.com/xoxloviwan/go-monitor/internal/store/store_easyjson.go:86.2,89.64 3 0
github.com/xoxloviwan/go-monitor/internal/store/store_easyjson.go:89.64,91.4 1 0
github.com/xoxloviwan/go-monitor/internal/store/store_easyjson.go:91.9,94.42 3 0
github.com/xoxloviwan/go-monitor/internal/store/store_easyjson.go:94.42,95.16 1 0
github.com/xoxloviwan/go-monitor/internal/store/store_easyjson.go:95.16,97.6 1 0
github.com/xoxloviwan/go-monitor/internal/store/store_easyjson.go:97.11,99.6 1 0
github.com/xoxloviwan/go-monitor/internal/store/store_easyjson.go:100.5,102.34 3 0
github.com/xoxloviwan/go-monitor/internal/store/store_easyjson.go:104.4,104.20 1 0
github.com/xoxloviwan/go-monitor/internal/store/store_easyjson.go:107.2,110.66 3 0
github.com/xoxloviwan/go-monitor/internal/store/store_easyjson.go:110.66,112.4 1 0
github.com/xoxloviwan/go-monitor/internal/store/store_easyjson.go:112.9,115.44 3 0
github.com/xoxloviwan/go-monitor/internal/store/store_easyjson.go:115.44,116.16 1 0
github.com/xoxloviwan/go-monitor/internal/store/store_easyjson.go:116.16,118.6 1 0
github.com/xoxloviwan/go-monitor/internal/store/store_easyjson.go:118.11,120.6 1 0
github.com/xoxloviwan/go-monitor/internal/store/store_easyjson.go:121.5,123.30 3 0
github.com/xoxloviwan/go-monitor/internal/store/store_easyjson.go:125.4,125.20 1 0
github.com/xoxloviwan/go-monitor/internal/store/store_easyjson.go:128.2,128.18 1 0
github.com/xoxloviwan/go-monitor/internal/store/store_easyjson.go:132.51,136.2 3 0
github.com/xoxloviwan/go-monitor/internal/store/store_easyjson.go:139.56,141.2 1 0
github.com/xoxloviwan/go-monitor/internal/store/store_easyjson.go:144.55,148.2 3 0
github.com/xoxloviwan/go-monitor/internal/store/store_easyjson.go:151.57,153.2 1 0
github.com/xoxloviwan/go-monitor/internal/api/handler.go:54.46,58.2 1 1
github.com/xoxloviwan/go-monitor/internal/api/handler.go:60.44,65.22 4 1
github.com/xoxloviwan/go-monitor/internal/api/handler.go:65.22,68.3 2 0
github.com/xoxloviwan/go-monitor/internal/api/handler.go:70.2,71.16 2 1
github.com/xoxloviwan/go-monitor/internal/api/handler.go:71.16,74.3 2 1
github.com/xoxloviwan/go-monitor/internal/api/handler.go:74.8,76.3 1 1
github.com/xoxloviwan/go-monitor/internal/api/handler.go:79.48,81.64 1 1
github.com/xoxloviwan/go-monitor/internal/api/handler.go:81.64,85.3 3 0
github.com/xoxloviwan/go-monitor/internal/api/handler.go:86.2,97.16 9 1
github.com/xoxloviwan/go-monitor/internal/api/handler.go:97.16,99.17 2 1
github.com/xoxloviwan/go-monitor/internal/api/handler.go:99.17,103.4 3 0
github.com/xoxloviwan/go-monitor/internal/api/handler.go:104.3,104.38 1 1
github.com/xoxloviwan/go-monitor/internal/api/handler.go:107.2,108.16 2 1
github.com/xoxloviwan/go-monitor/internal/api/handler.go:108.16,112.3 3 0
github.com/xoxloviwan/go-monitor/internal/api/handler.go:113.2,114.16 2 1
github.com/xoxloviwan/go-monitor/internal/api/handler.go:114.16,118.3 3 0
github.com/xoxloviwan/go-monitor/internal/api/handler.go:119.2,121.16 3 1
github.com/xoxloviwan/go-monitor/internal/api/handler.go:121.16,125.3 3 0
github.com/xoxloviwan/go-monitor/internal/api/handler.go:126.2,128.18 3 1
github.com/xoxloviwan/go-monitor/internal/api/handler.go:128.18,136.17 3 1
github.com/xoxloviwan/go-monitor/internal/api/handler.go:136.17,140.4 3 0
github.com/xoxloviwan/go-monitor/internal/api/handler.go:141.3,142.9 2 1
github.com/xoxloviwan/go-monitor/internal/api/handler.go:144.2,145.16 2 1
github.com/xoxloviwan/go-monitor/internal/api/handler.go:145.16,149.3 3 0
github.com/xoxloviwan/go-monitor/internal/api/handler.go:150.2,150.25 1 1
github.com/xoxloviwan/go-monitor/internal/api/handler.go:153.43,159.9 4 1
github.com/xoxloviwan/go-monitor/internal/api/handler.go:159.9,161.3 1 1
github.com/xoxloviwan/go-monitor/internal/api/handler.go:161.8,163.3 1 1
github.com/xoxloviwan/go-monitor/internal/api/handler.go:167.47,169.64 1 1
github.com/xoxloviwan/go-monitor/internal/api/handler.go:169.64,173.3 3 0
github.com/xoxloviwan/go-monitor/internal/api/handler.go:175.2,178.74 3 1
github.com/xoxloviwan/go-monitor/internal/api/handler.go:178.74,182.3 3 0
github.com/xoxloviwan/go-monitor/internal/api/handler.go:184.2,185.9 2 1
github.com/xoxloviwan/go-monitor/internal/api/handler.go:185.9,189.3 3 0
github.com/xoxloviwan/go-monitor/internal/api/handler.go:190.2,190.28 1 1
github.com/xoxloviwan/go-monitor/internal/api/handler.go:190.28,193.3 2 1
github.com/xoxloviwan/go-monitor/internal/api/handler.go:193.8,193.33 1 1
github.com/xoxloviwan/go-monitor/internal/api/handler.go:193.33,196.3 2 1
github.com/xoxloviwan/go-monitor/internal/api/handler.go:197.2,198.42 2 1
github.com/xoxloviwan/go-monitor/internal/api/handler.go:201.42,206.2 4 1
github.com/xoxloviwan/go-monitor/internal/api/middleware.go:27.13,34.2 5 1
github.com/xoxloviwan/go-monitor/internal/api/middleware.go:36.45,38.32 2 1
github.com/xoxloviwan/go-monitor/internal/api/middleware.go:38.32,43.17 3 1
github.com/xoxloviwan/go-monitor/internal/api/middleware.go:43.17,45.4 1 0
github.com/xoxloviwan/go-monitor/internal/api/middleware.go:46.3,66.19 7 1
github.com/xoxloviwan/go-monitor/internal/api/middleware.go:66.19,74.4 2 1
github.com/xoxloviwan/go-monitor/internal/api/middleware.go:75.3,81.4 1 1
github.com/xoxloviwan/go-monitor/internal/api/middleware.go:90.62,95.2 1 1
github.com/xoxloviwan/go-monitor/internal/api/middleware.go:98.55,100.2 1 1
github.com/xoxloviwan/go-monitor/internal/api/middleware.go:103.40,105.2 1 1
github.com/xoxloviwan/go-monitor/internal/api/middleware.go:114.66,116.16 2 1
github.com/xoxloviwan/go-monitor/internal/api/middleware.go:116.16,118.3 1 0
github.com/xoxloviwan/go-monitor/internal/api/middleware.go:120.2,123.8 1 1
github.com/xoxloviwan/go-monitor/internal/api/middleware.go:127.59,129.2 1 1
github.com/xoxloviwan/go-monitor/internal/api/middleware.go:132.40,133.36 1 1
github.com/xoxloviwan/go-monitor/internal/api/middleware.go:133.36,135.3 1 0
github.com/xoxloviwan/go-monitor/internal/api/middleware.go:136.2,136.21 1 1
github.com/xoxloviwan/go-monitor/internal/api/middleware.go:139.37,140.32 1 1
github.com/xoxloviwan/go-monitor/internal/api/middleware.go:140.32,143.19 3 1
github.com/xoxloviwan/go-monitor/internal/api/middleware.go:143.19,148.4 4 1
github.com/xoxloviwan/go-monitor/internal/api/middleware.go:150.3,152.16 3 1
github.com/xoxloviwan/go-monitor/internal/api/middleware.go:152.16,154.18 2 1
github.com/xoxloviwan/go-monitor/internal/api/middleware.go:154.18,157.5 2 0
github.com/xoxloviwan/go-monitor/internal/api/middleware.go:158.4,159.25 2 1
github.com/xoxloviwan/go-monitor/internal/api/middleware.go:162.3,162.13 1 1
github.com/xoxloviwan/go-monitor/internal/api/middleware.go:171.72,176.2 1 1
github.com/xoxloviwan/go-monitor/internal/api/middleware.go:181.57,187.16 3 1
github.com/xoxloviwan/go-monitor/internal/api/middleware.go:187.16,189.3 1 0
github.com/xoxloviwan/go-monitor/internal/api/middleware.go:190.2,193.37 3 1
github.com/xoxloviwan/go-monitor/internal/api/middleware.go:196.45,197.32 1 1
github.com/xoxloviwan/go-monitor/internal/api/middleware.go:197.32,199.17 2 1
github.com/xoxloviwan/go-monitor/internal/api/middleware.go:199.17,202.4 2 0
github.com/xoxloviwan/go-monitor/internal/api/middleware.go:203.3,203.34 1 1
github.com/xoxloviwan/go-monitor/internal/api/middleware.go:203.34,207.4 2 1
github.com/xoxloviwan/go-monitor/internal/api/middleware.go:208.3,213.17 5 1
github.com/xoxloviwan/go-monitor/internal/api/middleware.go:213.17,216.4 2 0
github.com/xoxloviwan/go-monitor/internal/api/middleware.go:217.3,219.33 3 1
github.com/xoxloviwan/go-monitor/internal/api/middleware.go:219.33,222.4 2 0
github.com/xoxloviwan/go-monitor/internal/api/middleware.go:223.3,224.13 2 1
github.com/xoxloviwan/go-monitor/internal/api/router.go:21.41,27.27 4 0
github.com/xoxloviwan/go-monitor/internal/api/router.go:27.27,29.17 2 0
github.com/xoxloviwan/go-monitor/internal/api/router.go:29.17,31.4 1 0
github.com/xoxloviwan/go-monitor/internal/api/router.go:32.3,33.38 2 0
github.com/xoxloviwan/go-monitor/internal/api/router.go:33.38,36.46 3 0
github.com/xoxloviwan/go-monitor/internal/api/router.go:36.46,40.5 3 0
github.com/xoxloviwan/go-monitor/internal/api/router.go:41.4,41.27 1 0
github.com/xoxloviwan/go-monitor/internal/api/router.go:43.3,45.17 3 0
github.com/xoxloviwan/go-monitor/internal/api/router.go:45.17,47.4 1 0
github.com/xoxloviwan/go-monitor/internal/api/router.go:48.3,48.10 1 0
github.com/xoxloviwan/go-monitor/internal/api/router.go:49.8,50.38 1 0
github.com/xoxloviwan/go-monitor/internal/api/router.go:50.38,52.4 1 0
github.com/xoxloviwan/go-monitor/internal/api/router.go:53.3,53.11 1 0
github.com/xoxloviwan/go-monitor/internal/api/router.go:55.2,55.46 1 0
github.com/xoxloviwan/go-monitor/internal/api/router.go:55.46,57.17 2 0
github.com/xoxloviwan/go-monitor/internal/api/router.go:57.17,59.4 1 0
github.com/xoxloviwan/go-monitor/internal/api/router.go:62.2,65.12 3 0
github.com/xoxloviwan/go-monitor/internal/api/router.go:65.12,67.17 2 0
github.com/xoxloviwan/go-monitor/internal/api/router.go:67.17,69.4 1 0
github.com/xoxloviwan/go-monitor/internal/api/router.go:72.2,72.56 1 0
github.com/xoxloviwan/go-monitor/internal/api/router.go:72.56,75.3 2 0
github.com/xoxloviwan/go-monitor/internal/api/router.go:78.2,78.28 1 0
github.com/xoxloviwan/go-monitor/internal/api/router.go:78.28,79.7 1 0
github.com/xoxloviwan/go-monitor/internal/api/router.go:79.7,80.11 1 0
github.com/xoxloviwan/go-monitor/internal/api/router.go:81.27,82.15 1 0
github.com/xoxloviwan/go-monitor/internal/api/router.go:83.12,85.19 2 0
github.com/xoxloviwan/go-monitor/internal/api/router.go:85.19,87.6 1 0
github.com/xoxloviwan/go-monitor/internal/api/router.go:92.2,94.6 3 0
github.com/xoxloviwan/go-monitor/internal/api/router.go:94.6,95.10 1 0
github.com/xoxloviwan/go-monitor/internal/api/router.go:96.25,98.18 2 0
github.com/xoxloviwan/go-monitor/internal/api/router.go:98.18,100.5 1 0
github.com/xoxloviwan/go-monitor/internal/api/router.go:101.26,102.14 1 0
github.com/xoxloviwan/go-monitor/internal/api/router.go:133.107,138.18 5 1
github.com/xoxloviwan/go-monitor/internal/api/router.go:138.18,140.3 1 1
github.com/xoxloviwan/go-monitor/internal/api/router.go:141.2,150.10 8 1
github.com/xoxloviwan/go-monitor/internal/api/router.go:153.48,156.2 2 0
github.com/xoxloviwan/go-monitor/internal/api/mock/mock_store.go:27.69,31.2 3 1
github.com/xoxloviwan/go-monitor/internal/api/mock/mock_store.go:34.67,36.2 1 1
github.com/xoxloviwan/go-monitor/internal/api/mock/mock_store.go:39.63,44.2 4 1
github.com/xoxloviwan/go-monitor/internal/api/mock/mock_store.go:47.88,50.2 2 1
github.com/xoxloviwan/go-monitor/internal/api/mock/mock_store.go:53.98,58.2 4 1
github.com/xoxloviwan/go-monitor/internal/api/mock/mock_store.go:61.89,64.2 2 1
github.com/xoxloviwan/go-monitor/internal/api/mock/mock_store.go:67.66,73.2 5 1
github.com/xoxloviwan/go-monitor/internal/api/mock/mock_store.go:76.82,79.2 2 1
github.com/xoxloviwan/go-monitor/internal/api/mock/mock_store.go:82.124,88.2 5 1
github.com/xoxloviwan/go-monitor/internal/api/mock/mock_store.go:91.89,94.2 2 1
github.com/xoxloviwan/go-monitor/internal/api/mock/mock_store.go:97.44,102.2 4 1
github.com/xoxloviwan/go-monitor/internal/api/mock/mock_store.go:105.63,108.2 2 1
github.com/xoxloviwan/go-monitor/internal/config_server/conf.go:47.26,50.57 3 0
github.com/xoxloviwan/go-monitor/internal/config_server/conf.go:50.57,52.3 1 0
github.com/xoxloviwan/go-monitor/internal/config_server/conf.go:53.2,54.26 2 0
github.com/xoxloviwan/go-monitor/internal/config_server/conf.go:54.26,56.3 1 0
github.com/xoxloviwan/go-monitor/internal/config_server/conf.go:57.2,57.62 1 0
github.com/xoxloviwan/go-monitor/internal/config_server/conf.go:57.62,59.3 1 0
github.com/xoxloviwan/go-monitor/internal/config_server/conf.go:61.2,61.86 1 0
github.com/xoxloviwan/go-monitor/internal/config_server/conf.go:61.86,63.3 1 0
github.com/xoxloviwan/go-monitor/internal/config_server/conf.go:65.2,65.29 1 0
github.com/xoxloviwan/go-monitor/internal/config_server/conf.go:65.29,67.3 1 0
github.com/xoxloviwan/go-monitor/internal/config_server/conf.go:69.2,69.94 1 0
github.com/xoxloviwan/go-monitor/internal/config_server/conf.go:69.94,71.3 1 0
github.com/xoxloviwan/go-monitor/internal/config_server/conf.go:72.2,72.78 1 0
github.com/xoxloviwan/go-monitor/internal/config_server/conf.go:72.78,74.3 1 0
github.com/xoxloviwan/go-monitor/internal/config_server/conf.go:76.2,76.38 1 0
github.com/xoxloviwan/go-monitor/internal/config_server/conf.go:76.38,78.3 1 0
github.com/xoxloviwan/go-monitor/internal/config_server/conf.go:79.2,79.12 1 0
github.com/xoxloviwan/go-monitor/internal/metrics_types/api_easyjson.go:21.113,23.17 2 1
github.com/xoxloviwan/go-monitor/internal/metrics_types/api_easyjson.go:23.17,26.3 2 0
github.com/xoxloviwan/go-monitor/internal/metrics_types/api_easyjson.go:26.8,28.18 2 1
github.com/xoxloviwan/go-monitor/internal/metrics_types/api_easyjson.go:28.18,29.24 1 1
github.com/xoxloviwan/go-monitor/internal/metrics_types/api_easyjson.go:29.24,31.5 1 1
github.com/xoxloviwan/go-monitor/internal/metrics_types/api_easyjson.go:31.10,33.5 1 1
github.com/xoxloviwan/go-monitor/internal/metrics_types/api_easyjson.go:34.9,36.4 1 1
github.com/xoxloviwan/go-monitor/internal/metrics_types/api_easyjson.go:37.3,37.24 1 1
github.com/xoxloviwan/go-monitor/internal/metrics_types/api_easyjson.go:37.24,42.4 4 1
github.com/xoxloviwan/go-monitor/internal/metrics_types/api_easyjson.go:43.3,43.16 1 1
github.com/xoxloviwan/go-monitor/internal/metrics_types/api_easyjson.go:45.2,45.16 1 1
github.com/xoxloviwan/go-monitor/internal/metrics_types/api_easyjson.go:45.16,47.3 1 1
github.com/xoxloviwan/go-monitor/internal/metrics_types/api_easyjson.go:49.114,50.59 1 1
github.com/xoxloviwan/go-monitor/internal/metrics_types/api_easyjson.go:50.59,52.3 1 0
github.com/xoxloviwan/go-monitor/internal/metrics_types/api_easyjson.go:52.8,54.26 2 1
github.com/xoxloviwan/go-monitor/internal/metrics_types/api_easyjson.go:54.26,55.14 1 1
github.com/xoxloviwan/go-monitor/internal/metrics_types/api_easyjson.go:55.14,57.5 1 0
github.com/xoxloviwan/go-monitor/internal/metrics_types/api_easyjson.go:58.4,58.29 1 1
github.com/xoxloviwan/go-monitor/internal/metrics_types/api_easyjson.go:60.3,60.19 1 1
github.com/xoxloviwan/go-monitor/internal/metrics_types/api_easyjson.go:65.52,69.2 3 0
github.com/xoxloviwan/go-monitor/internal/metrics_types/api_easyjson.go:72.57,74.2 1 1
github.com/xoxloviwan/go-monitor/internal/metrics_types/api_easyjson.go:77.56,81.2 3 1
github.com/xoxloviwan/go-monitor/internal/metrics_types/api_easyjson.go:84.58,86.2 1 1
github.com/xoxloviwan/go-monitor/internal/metrics_types/api_easyjson.go:87.110,89.17 2 1
github.com/xoxloviwan/go-monitor/internal/metrics_types/api_easyjson.go:89.17,90.17 1 0
github.com/xoxloviwan/go-monitor/internal/metrics_types/api_easyjson.go:90.17,92.4 1 0
github.com/xoxloviwan/go-monitor/internal/metrics_types/api_easyjson.go:93.3,94.9 2 0
github.com/xoxloviwan/go-monitor/internal/metrics_types/api_easyjson.go:96.2,97.23 2 1
github.com/xoxloviwan/go-monitor/internal/metrics_types/api_easyjson.go:97.23,100.18 3 1
github.com/xoxloviwan/go-monitor/internal/metrics_types/api_easyjson.go:100.18,103.12 3 0
github.com/xoxloviwan/go-monitor/internal/metrics_types/api_easyjson.go:105.3,105.14 1 1
github.com/xoxloviwan/go-monitor/internal/metrics_types/api_easyjson.go:106.13,107.32 1 1
github.com/xoxloviwan/go-monitor/internal/metrics_types/api_easyjson.go:108.15,109.35 1 1
github.com/xoxloviwan/go-monitor/internal/metrics_types/api_easyjson.go:110.16,111.19 1 1
github.com/xoxloviwan/go-monitor/internal/metrics_types/api_easyjson.go:111.19,114.5 2 0
github.com/xoxloviwan/go-monitor/internal/metrics_types/api_easyjson.go:114.10,115.25 1 1
github.com/xoxloviwan/go-monitor/internal/metrics_types/api_easyjson.go:115.25,117.6 1 1
github.com/xoxloviwan/go-monitor/internal/metrics_types/api_easyjson.go:118.5,118.35 1 1
github.com/xoxloviwan/go-monitor/internal/metrics_types/api_easyjson.go:120.16,121.19 1 1
github.com/xoxloviwan/go-monitor/internal/metrics_types/api_easyjson.go:121.19,124.5 2 0
github.com/xoxloviwan/go-monitor/internal/metrics_types/api_easyjson.go:124.10,125.25 1 1
github.com/xoxloviwan/go-monitor/internal/metrics_types/api_easyjson.go:125.25,127.6 1 1
github.com/xoxloviwan/go-monitor/internal/metrics_types/api_easyjson.go:128.5,128.39 1 1
github.com/xoxloviwan/go-monitor/internal/metrics_types/api_easyjson.go:130.11,131.22 1 0
github.com/xoxloviwan/go-monitor/internal/metrics_types/api_easyjson.go:133.3,133.17 1 1
github.com/xoxloviwan/go-monitor/internal/metrics_types/api_easyjson.go:135.2,136.16 2 1
github.com/xoxloviwan/go-monitor/internal/metrics_types/api_easyjson.go:136.16,138.3 1 1
github.com/xoxloviwan/go-monitor/internal/metrics_types/api_easyjson.go:140.111,144.2 4 1
github.com/xoxloviwan/go-monitor/internal/metrics_types/api_easyjson.go:144.2,148.3 3 1
github.com/xoxloviwan/go-monitor/internal/metrics_types/api_easyjson.go:149.2,153.3 3 1
github.com/xoxloviwan/go-monitor/internal/metrics_types/api_easyjson.go:154.2,154.21 1 1
github.com/xoxloviwan/go-monitor/internal/metrics_types/api_easyjson.go:154.21,158.3 3 1
github.com/xoxloviwan/go-monitor/internal/metrics_types/api_easyjson.go:159.2,159.21 1 1
github.com/xoxloviwan/go-monitor/internal/metrics_types/api_easyjson.go:159.21,163.3 3 1
github.com/xoxloviwan/go-monitor/internal/metrics_types/api_easyjson.go:164.2,164.18 1 1
github.com/xoxloviwan/go-monitor/internal/metrics_types/api_easyjson.go:168.48,172.2 3 0
github.com/xoxloviwan/go-monitor/internal/metrics_types/api_easyjson.go:175.53,177.2 1 1
github.com/xoxloviwan/go-monitor/internal/metrics_types/api_easyjson.go:180.52,184.2 3 1
github.com/xoxloviwan/go-monitor/internal/metrics_types/api_easyjson.go:187.54,189.2 1 1
